> SF:/home/detectivelyw/Documents/projects/tracks/linux-stable/fs/overlayfs/readdir.c: 714
> SF:/home/detectivelyw/Documents/projects/tracks/linux-stable/fs/overlayfs/readdir.c: 717
> SF:/home/detectivelyw/Documents/projects/tracks/linux-stable/fs/overlayfs/readdir.c: 720
> SF:/home/detectivelyw/Documents/projects/tracks/linux-stable/fs/overlayfs/readdir.c: 721
> SF:/home/detectivelyw/Documents/projects/tracks/linux-stable/fs/overlayfs/readdir.c: 723
> SF:/home/detectivelyw/Documents/projects/tracks/linux-stable/fs/overlayfs/readdir.c: 724
> SF:/home/detectivelyw/Documents/projects/tracks/linux-stable/fs/overlayfs/readdir.c: 725
> SF:/home/detectivelyw/Documents/projects/tracks/linux-stable/fs/overlayfs/readdir.c: 751
> SF:/home/detectivelyw/Documents/projects/tracks/linux-stable/mm/util.c: 424
> SF:/home/detectivelyw/Documents/projects/tracks/linux-stable/mm/util.c: 425
> SF:/home/detectivelyw/Documents/projects/tracks/linux-stable/mm/util.c: 427
> SF:/home/detectivelyw/Documents/projects/tracks/linux-stable/mm/util.c: 431
> SF:/home/detectivelyw/Documents/projects/tracks/linux-stable/mm/util.c: 433
> SF:/home/detectivelyw/Documents/projects/tracks/linux-stable/mm/util.c: 434
> SF:/home/detectivelyw/Documents/projects/tracks/linux-stable/mm/shmem.c: 1633
> SF:/home/detectivelyw/Documents/projects/tracks/linux-stable/mm/shmem.c: 1853
> SF:/home/detectivelyw/Documents/projects/tracks/linux-stable/mm/shmem.c: 1856
> SF:/home/detectivelyw/Documents/projects/tracks/linux-stable/mm/shmem.c: 1857
> SF:/home/detectivelyw/Documents/projects/tracks/linux-stable/mm/shmem.c: 1866
> SF:/home/detectivelyw/Documents/projects/tracks/linux-stable/mm/shmem.c: 2828
> SF:/home/detectivelyw/Documents/projects/tracks/linux-stable/mm/shmem.c: 2832
> SF:/home/detectivelyw/Documents/projects/tracks/linux-stable/mm/shmem.c: 2838
> SF:/home/detectivelyw/Documents/projects/tracks/linux-stable/mm/shmem.c: 2843
> SF:/home/detectivelyw/Documents/projects/tracks/linux-stable/mm/shmem.c: 2878
> SF:/home/detectivelyw/Documents/projects/tracks/linux-stable/mm/shmem.c: 2879
> SF:/home/detectivelyw/Documents/projects/tracks/linux-stable/mm/shmem.c: 2882
> SF:/home/detectivelyw/Documents/projects/tracks/linux-stable/mm/shmem.c: 2887
> SF:/home/detectivelyw/Documents/projects/tracks/linux-stable/mm/shmem.c: 2888
> SF:/home/detectivelyw/Documents/projects/tracks/linux-stable/mm/shmem.c: 2890
> SF:/home/detectivelyw/Documents/projects/tracks/linux-stable/mm/shmem.c: 2895
> SF:/home/detectivelyw/Documents/projects/tracks/linux-stable/mm/shmem.c: 2896
> SF:/home/detectivelyw/Documents/projects/tracks/linux-stable/mm/shmem.c: 2897
> SF:/home/detectivelyw/Documents/projects/tracks/linux-stable/mm/shmem.c: 2898
> SF:/home/detectivelyw/Documents/projects/tracks/linux-stable/mm/shmem.c: 2899
> SF:/home/detectivelyw/Documents/projects/tracks/linux-stable/mm/shmem.c: 2901
> SF:/home/detectivelyw/Documents/projects/tracks/linux-stable/mm/shmem.c: 2904
> SF:/home/detectivelyw/Documents/projects/tracks/linux-stable/mm/shmem.c: 2911
> SF:/home/detectivelyw/Documents/projects/tracks/linux-stable/mm/shmem.c: 2913
> SF:/home/detectivelyw/Documents/projects/tracks/linux-stable/mm/shmem.c: 2916
> SF:/home/detectivelyw/Documents/projects/tracks/linux-stable/mm/shmem.c: 2917
> SF:/home/detectivelyw/Documents/projects/tracks/linux-stable/mm/shmem.c: 2931
> SF:/home/detectivelyw/Documents/projects/tracks/linux-stable/mm/shmem.c: 2932
> SF:/home/detectivelyw/Documents/projects/tracks/linux-stable/mm/shmem.c: 2933
> SF:/home/detectivelyw/Documents/projects/tracks/linux-stable/mm/shmem.c: 2942
> SF:/home/detectivelyw/Documents/projects/tracks/linux-stable/mm/shmem.c: 2943
> SF:/home/detectivelyw/Documents/projects/tracks/linux-stable/mm/shmem.c: 2944
> SF:/home/detectivelyw/Documents/projects/tracks/linux-stable/mm/shmem.c: 2945
> SF:/home/detectivelyw/Documents/projects/tracks/linux-stable/mm/shmem.c: 2948
> SF:/home/detectivelyw/Documents/projects/tracks/linux-stable/mm/shmem.c: 2950
> SF:/home/detectivelyw/Documents/projects/tracks/linux-stable/mm/shmem.c: 2953
> SF:/home/detectivelyw/Documents/projects/tracks/linux-stable/mm/shmem.c: 2957
> SF:/home/detectivelyw/Documents/projects/tracks/linux-stable/lib/iov_iter.c: 832
> SF:/home/detectivelyw/Documents/projects/tracks/linux-stable/mm/khugepaged.c: 971
> SF:/home/detectivelyw/Documents/projects/tracks/linux-stable/mm/khugepaged.c: 972
> SF:/home/detectivelyw/Documents/projects/tracks/linux-stable/net/ipv4/tcp.c: 1263
> SF:/home/detectivelyw/Documents/projects/tracks/linux-stable/net/ipv4/tcp.c: 1265
> SF:/home/detectivelyw/Documents/projects/tracks/linux-stable/net/ipv4/tcp.c: 1868
> SF:/home/detectivelyw/Documents/projects/tracks/linux-stable/net/ipv4/tcp.c: 1908
> SF:/home/detectivelyw/Documents/projects/tracks/linux-stable/net/ipv4/tcp.c: 1909
> SF:/home/detectivelyw/Documents/projects/tracks/linux-stable/net/ipv4/tcp.c: 2570
> SF:/home/detectivelyw/Documents/projects/tracks/linux-stable/fs/libfs.c: 143
> SF:/home/detectivelyw/Documents/projects/tracks/linux-stable/fs/libfs.c: 145
> SF:/home/detectivelyw/Documents/projects/tracks/linux-stable/fs/libfs.c: 146
> SF:/home/detectivelyw/Documents/projects/tracks/linux-stable/fs/libfs.c: 150
> SF:/home/detectivelyw/Documents/projects/tracks/linux-stable/fs/libfs.c: 155
> SF:/home/detectivelyw/Documents/projects/tracks/linux-stable/mm/memory.c: 1326
> SF:/home/detectivelyw/Documents/projects/tracks/linux-stable/mm/memory.c: 1423
> SF:/home/detectivelyw/Documents/projects/tracks/linux-stable/mm/memory.c: 2375
> SF:/home/detectivelyw/Documents/projects/tracks/linux-stable/mm/memory.c: 2380
> SF:/home/detectivelyw/Documents/projects/tracks/linux-stable/mm/memory.c: 2382
> SF:/home/detectivelyw/Documents/projects/tracks/linux-stable/mm/memory.c: 2390
> SF:/home/detectivelyw/Documents/projects/tracks/linux-stable/mm/memory.c: 2391
> SF:/home/detectivelyw/Documents/projects/tracks/linux-stable/mm/memory.c: 2393
> SF:/home/detectivelyw/Documents/projects/tracks/linux-stable/mm/memory.c: 2401
> SF:/home/detectivelyw/Documents/projects/tracks/linux-stable/mm/memory.c: 2402
> SF:/home/detectivelyw/Documents/projects/tracks/linux-stable/mm/memory.c: 2403
> SF:/home/detectivelyw/Documents/projects/tracks/linux-stable/mm/memory.c: 3630
> SF:/home/detectivelyw/Documents/projects/tracks/linux-stable/mm/memory.c: 3632
> SF:/home/detectivelyw/Documents/projects/tracks/linux-stable/mm/memory.c: 3635
> SF:/home/detectivelyw/Documents/projects/tracks/linux-stable/mm/memory.c: 3636
> SF:/home/detectivelyw/Documents/projects/tracks/linux-stable/mm/memory.c: 3643
> SF:/home/detectivelyw/Documents/projects/tracks/linux-stable/mm/memory.c: 3653
> SF:/home/detectivelyw/Documents/projects/tracks/linux-stable/mm/memory.c: 3654
> SF:/home/detectivelyw/Documents/projects/tracks/linux-stable/mm/memory.c: 3661
> SF:/home/detectivelyw/Documents/projects/tracks/linux-stable/mm/memory.c: 3662
> SF:/home/detectivelyw/Documents/projects/tracks/linux-stable/mm/memory.c: 3684
> SF:/home/detectivelyw/Documents/projects/tracks/linux-stable/net/ipv4/tcp_output.c: 1630
> SF:/home/detectivelyw/Documents/projects/tracks/linux-stable/net/ipv4/tcp_output.c: 1632
> SF:/home/detectivelyw/Documents/projects/tracks/linux-stable/net/ipv4/tcp_output.c: 1633
> SF:/home/detectivelyw/Documents/projects/tracks/linux-stable/net/ipv4/tcp_output.c: 1795
> SF:/home/detectivelyw/Documents/projects/tracks/linux-stable/net/ipv4/tcp_output.c: 2345
> SF:/home/detectivelyw/Documents/projects/tracks/linux-stable/mm/mmap.c: 1565
> SF:/home/detectivelyw/Documents/projects/tracks/linux-stable/mm/mmap.c: 1570
> SF:/home/detectivelyw/Documents/projects/tracks/linux-stable/mm/mmap.c: 1571
> SF:/home/detectivelyw/Documents/projects/tracks/linux-stable/mm/mmap.c: 1579
> SF:/home/detectivelyw/Documents/projects/tracks/linux-stable/mm/mmap.c: 1583
> SF:/home/detectivelyw/Documents/projects/tracks/linux-stable/mm/mmap.c: 1584
> SF:/home/detectivelyw/Documents/projects/tracks/linux-stable/include/net/tcp.h: 921
> SF:/home/detectivelyw/Documents/projects/tracks/linux-stable/include/net/tcp.h: 923
> SF:/home/detectivelyw/Documents/projects/tracks/linux-stable/include/net/tcp.h: 1738
> SF:/home/detectivelyw/Documents/projects/tracks/linux-stable/fs/open.c: 239
> SF:/home/detectivelyw/Documents/projects/tracks/linux-stable/fs/open.c: 244
> SF:/home/detectivelyw/Documents/projects/tracks/linux-stable/fs/open.c: 248
> SF:/home/detectivelyw/Documents/projects/tracks/linux-stable/fs/open.c: 252
> SF:/home/detectivelyw/Documents/projects/tracks/linux-stable/fs/open.c: 257
> SF:/home/detectivelyw/Documents/projects/tracks/linux-stable/fs/open.c: 262
> SF:/home/detectivelyw/Documents/projects/tracks/linux-stable/fs/open.c: 267
> SF:/home/detectivelyw/Documents/projects/tracks/linux-stable/fs/open.c: 272
> SF:/home/detectivelyw/Documents/projects/tracks/linux-stable/fs/open.c: 276
> SF:/home/detectivelyw/Documents/projects/tracks/linux-stable/fs/open.c: 282
> SF:/home/detectivelyw/Documents/projects/tracks/linux-stable/fs/open.c: 285
> SF:/home/detectivelyw/Documents/projects/tracks/linux-stable/fs/open.c: 291
> SF:/home/detectivelyw/Documents/projects/tracks/linux-stable/fs/open.c: 298
> SF:/home/detectivelyw/Documents/projects/tracks/linux-stable/fs/open.c: 299
> SF:/home/detectivelyw/Documents/projects/tracks/linux-stable/fs/open.c: 302
> SF:/home/detectivelyw/Documents/projects/tracks/linux-stable/fs/open.c: 305
> SF:/home/detectivelyw/Documents/projects/tracks/linux-stable/fs/open.c: 308
> SF:/home/detectivelyw/Documents/projects/tracks/linux-stable/fs/open.c: 312
> SF:/home/detectivelyw/Documents/projects/tracks/linux-stable/fs/open.c: 315
> SF:/home/detectivelyw/Documents/projects/tracks/linux-stable/fs/open.c: 318
> SF:/home/detectivelyw/Documents/projects/tracks/linux-stable/fs/open.c: 319
> SF:/home/detectivelyw/Documents/projects/tracks/linux-stable/fs/open.c: 328
> SF:/home/detectivelyw/Documents/projects/tracks/linux-stable/fs/open.c: 329
> SF:/home/detectivelyw/Documents/projects/tracks/linux-stable/fs/open.c: 331
> SF:/home/detectivelyw/Documents/projects/tracks/linux-stable/fs/open.c: 332
> SF:/home/detectivelyw/Documents/projects/tracks/linux-stable/fs/open.c: 336
> SF:/home/detectivelyw/Documents/projects/tracks/linux-stable/fs/open.c: 338
> SF:/home/detectivelyw/Documents/projects/tracks/linux-stable/fs/open.c: 341
> SF:/home/detectivelyw/Documents/projects/tracks/linux-stable/fs/open.c: 342
> SF:/home/detectivelyw/Documents/projects/tracks/linux-stable/fs/open.c: 343
> SF:/home/detectivelyw/Documents/projects/tracks/linux-stable/fs/open.c: 345
> SF:/home/detectivelyw/Documents/projects/tracks/linux-stable/net/ipv4/tcp_input.c: 3390
> SF:/home/detectivelyw/Documents/projects/tracks/linux-stable/net/ipv4/tcp_input.c: 4080
> SF:/home/detectivelyw/Documents/projects/tracks/linux-stable/net/ipv4/tcp_input.c: 4081
> SF:/home/detectivelyw/Documents/projects/tracks/linux-stable/net/ipv4/tcp_input.c: 4082
> SF:/home/detectivelyw/Documents/projects/tracks/linux-stable/net/ipv4/tcp_input.c: 6095
> SF:/home/detectivelyw/Documents/projects/tracks/linux-stable/include/linux/skbuff.h: 2580
