> SF:/home/detectivelyw/Documents/projects/tracks/linux-stable/kernel/exit.c: 1411
> SF:/home/detectivelyw/Documents/projects/tracks/linux-stable/kernel/exit.c: 1412
> SF:/home/detectivelyw/Documents/projects/tracks/linux-stable/arch/x86/kernel/tsc.c: 360
> SF:/home/detectivelyw/Documents/projects/tracks/linux-stable/arch/x86/kernel/tsc.c: 367
> SF:/home/detectivelyw/Documents/projects/tracks/linux-stable/arch/x86/kernel/tsc.c: 375
> SF:/home/detectivelyw/Documents/projects/tracks/linux-stable/arch/x86/kernel/tsc.c: 376
> SF:/home/detectivelyw/Documents/projects/tracks/linux-stable/arch/x86/kernel/tsc.c: 378
> SF:/home/detectivelyw/Documents/projects/tracks/linux-stable/arch/x86/kernel/tsc.c: 383
> SF:/home/detectivelyw/Documents/projects/tracks/linux-stable/arch/x86/kernel/tsc.c: 384
> SF:/home/detectivelyw/Documents/projects/tracks/linux-stable/arch/x86/kernel/tsc.c: 385
> SF:/home/detectivelyw/Documents/projects/tracks/linux-stable/arch/x86/kernel/tsc.c: 387
> SF:/home/detectivelyw/Documents/projects/tracks/linux-stable/arch/x86/kernel/tsc.c: 389
> SF:/home/detectivelyw/Documents/projects/tracks/linux-stable/arch/x86/kernel/tsc.c: 391
> SF:/home/detectivelyw/Documents/projects/tracks/linux-stable/arch/x86/kernel/tsc.c: 403
> SF:/home/detectivelyw/Documents/projects/tracks/linux-stable/arch/x86/kernel/tsc.c: 549
> SF:/home/detectivelyw/Documents/projects/tracks/linux-stable/arch/x86/kernel/tsc.c: 550
> SF:/home/detectivelyw/Documents/projects/tracks/linux-stable/arch/x86/kernel/tsc.c: 704
> SF:/home/detectivelyw/Documents/projects/tracks/linux-stable/arch/x86/kernel/tsc.c: 713
> SF:/home/detectivelyw/Documents/projects/tracks/linux-stable/arch/x86/kernel/tsc.c: 714
> SF:/home/detectivelyw/Documents/projects/tracks/linux-stable/arch/x86/kernel/tsc.c: 715
> SF:/home/detectivelyw/Documents/projects/tracks/linux-stable/arch/x86/kernel/tsc.c: 716
> SF:/home/detectivelyw/Documents/projects/tracks/linux-stable/arch/x86/kernel/tsc.c: 717
> SF:/home/detectivelyw/Documents/projects/tracks/linux-stable/arch/x86/kernel/tsc.c: 720
> SF:/home/detectivelyw/Documents/projects/tracks/linux-stable/arch/x86/kernel/tsc.c: 723
> SF:/home/detectivelyw/Documents/projects/tracks/linux-stable/arch/x86/kernel/tsc.c: 727
> SF:/home/detectivelyw/Documents/projects/tracks/linux-stable/arch/x86/kernel/tsc.c: 730
> SF:/home/detectivelyw/Documents/projects/tracks/linux-stable/arch/x86/kernel/tsc.c: 731
> SF:/home/detectivelyw/Documents/projects/tracks/linux-stable/arch/x86/kernel/tsc.c: 732
> SF:/home/detectivelyw/Documents/projects/tracks/linux-stable/arch/x86/kernel/tsc.c: 736
> SF:/home/detectivelyw/Documents/projects/tracks/linux-stable/arch/x86/kernel/tsc.c: 739
> SF:/home/detectivelyw/Documents/projects/tracks/linux-stable/arch/x86/kernel/tsc.c: 740
> SF:/home/detectivelyw/Documents/projects/tracks/linux-stable/arch/x86/kernel/tsc.c: 748
> SF:/home/detectivelyw/Documents/projects/tracks/linux-stable/arch/x86/kernel/tsc.c: 760
> SF:/home/detectivelyw/Documents/projects/tracks/linux-stable/arch/x86/kernel/tsc.c: 770
> SF:/home/detectivelyw/Documents/projects/tracks/linux-stable/arch/x86/kernel/tsc.c: 772
> SF:/home/detectivelyw/Documents/projects/tracks/linux-stable/arch/x86/kernel/tsc.c: 775
> SF:/home/detectivelyw/Documents/projects/tracks/linux-stable/arch/x86/kernel/tsc.c: 781
> SF:/home/detectivelyw/Documents/projects/tracks/linux-stable/arch/x86/kernel/tsc.c: 787
> SF:/home/detectivelyw/Documents/projects/tracks/linux-stable/arch/x86/kernel/tsc.c: 790
> SF:/home/detectivelyw/Documents/projects/tracks/linux-stable/drivers/tty/serial/serial_core.c: 3004
> SF:/home/detectivelyw/Documents/projects/tracks/linux-stable/drivers/tty/serial/serial_core.c: 3007
> SF:/home/detectivelyw/Documents/projects/tracks/linux-stable/drivers/tty/serial/serial_core.c: 3009
> SF:/home/detectivelyw/Documents/projects/tracks/linux-stable/drivers/tty/serial/serial_core.c: 3010
> SF:/home/detectivelyw/Documents/projects/tracks/linux-stable/drivers/tty/serial/serial_core.c: 3017
> SF:/home/detectivelyw/Documents/projects/tracks/linux-stable/drivers/tty/serial/serial_core.c: 3020
> SF:/home/detectivelyw/Documents/projects/tracks/linux-stable/drivers/tty/n_tty.c: 747
> SF:/home/detectivelyw/Documents/projects/tracks/linux-stable/drivers/tty/n_tty.c: 749
> SF:/home/detectivelyw/Documents/projects/tracks/linux-stable/drivers/tty/n_tty.c: 753
> SF:/home/detectivelyw/Documents/projects/tracks/linux-stable/drivers/tty/n_tty.c: 754
> SF:/home/detectivelyw/Documents/projects/tracks/linux-stable/drivers/tty/n_tty.c: 755
> SF:/home/detectivelyw/Documents/projects/tracks/linux-stable/drivers/tty/n_tty.c: 760
> SF:/home/detectivelyw/Documents/projects/tracks/linux-stable/drivers/tty/n_tty.c: 761
> SF:/home/detectivelyw/Documents/projects/tracks/linux-stable/drivers/tty/n_tty.c: 796
> SF:/home/detectivelyw/Documents/projects/tracks/linux-stable/drivers/tty/n_tty.c: 949
> SF:/home/detectivelyw/Documents/projects/tracks/linux-stable/drivers/tty/n_tty.c: 951
> SF:/home/detectivelyw/Documents/projects/tracks/linux-stable/drivers/tty/n_tty.c: 957
> SF:/home/detectivelyw/Documents/projects/tracks/linux-stable/drivers/tty/n_tty.c: 1240
> SF:/home/detectivelyw/Documents/projects/tracks/linux-stable/drivers/tty/n_tty.c: 1242
> SF:/home/detectivelyw/Documents/projects/tracks/linux-stable/drivers/tty/n_tty.c: 1244
> SF:/home/detectivelyw/Documents/projects/tracks/linux-stable/drivers/tty/n_tty.c: 1245
> SF:/home/detectivelyw/Documents/projects/tracks/linux-stable/drivers/tty/n_tty.c: 1250
> SF:/home/detectivelyw/Documents/projects/tracks/linux-stable/drivers/tty/n_tty.c: 1256
> SF:/home/detectivelyw/Documents/projects/tracks/linux-stable/drivers/tty/n_tty.c: 1257
> SF:/home/detectivelyw/Documents/projects/tracks/linux-stable/drivers/tty/n_tty.c: 1260
> SF:/home/detectivelyw/Documents/projects/tracks/linux-stable/drivers/tty/n_tty.c: 1263
> SF:/home/detectivelyw/Documents/projects/tracks/linux-stable/drivers/tty/n_tty.c: 1269
> SF:/home/detectivelyw/Documents/projects/tracks/linux-stable/drivers/tty/n_tty.c: 1274
> SF:/home/detectivelyw/Documents/projects/tracks/linux-stable/drivers/tty/n_tty.c: 1279
> SF:/home/detectivelyw/Documents/projects/tracks/linux-stable/drivers/tty/n_tty.c: 1282
> SF:/home/detectivelyw/Documents/projects/tracks/linux-stable/drivers/tty/n_tty.c: 1283
> SF:/home/detectivelyw/Documents/projects/tracks/linux-stable/drivers/tty/n_tty.c: 1285
> SF:/home/detectivelyw/Documents/projects/tracks/linux-stable/drivers/tty/n_tty.c: 1286
> SF:/home/detectivelyw/Documents/projects/tracks/linux-stable/drivers/tty/n_tty.c: 1287
> SF:/home/detectivelyw/Documents/projects/tracks/linux-stable/drivers/tty/n_tty.c: 1579
> SF:/home/detectivelyw/Documents/projects/tracks/linux-stable/drivers/tty/n_tty.c: 1774
> SF:/home/detectivelyw/Documents/projects/tracks/linux-stable/drivers/tty/n_tty.c: 1776
> SF:/home/detectivelyw/Documents/projects/tracks/linux-stable/drivers/tty/n_tty.c: 1777
> SF:/home/detectivelyw/Documents/projects/tracks/linux-stable/include/linux/serial_core.h: 457
> SF:/home/detectivelyw/Documents/projects/tracks/linux-stable/include/linux/serial_core.h: 459
> SF:/home/detectivelyw/Documents/projects/tracks/linux-stable/drivers/tty/serial/8250/8250_port.c: 1678
> SF:/home/detectivelyw/Documents/projects/tracks/linux-stable/drivers/tty/serial/8250/8250_port.c: 1680
> SF:/home/detectivelyw/Documents/projects/tracks/linux-stable/drivers/tty/serial/8250/8250_port.c: 1684
> SF:/home/detectivelyw/Documents/projects/tracks/linux-stable/drivers/tty/serial/8250/8250_port.c: 1685
> SF:/home/detectivelyw/Documents/projects/tracks/linux-stable/drivers/tty/serial/8250/8250_port.c: 1696
> SF:/home/detectivelyw/Documents/projects/tracks/linux-stable/drivers/tty/serial/8250/8250_port.c: 1698
> SF:/home/detectivelyw/Documents/projects/tracks/linux-stable/drivers/tty/serial/8250/8250_port.c: 1699
> SF:/home/detectivelyw/Documents/projects/tracks/linux-stable/drivers/tty/serial/8250/8250_port.c: 1701
> SF:/home/detectivelyw/Documents/projects/tracks/linux-stable/drivers/tty/serial/8250/8250_port.c: 1733
> SF:/home/detectivelyw/Documents/projects/tracks/linux-stable/drivers/tty/serial/8250/8250_port.c: 1736
> SF:/home/detectivelyw/Documents/projects/tracks/linux-stable/drivers/tty/serial/8250/8250_port.c: 1744
> SF:/home/detectivelyw/Documents/projects/tracks/linux-stable/drivers/tty/serial/8250/8250_port.c: 1750
> SF:/home/detectivelyw/Documents/projects/tracks/linux-stable/drivers/tty/serial/8250/8250_port.c: 1751
> SF:/home/detectivelyw/Documents/projects/tracks/linux-stable/drivers/tty/serial/8250/8250_port.c: 1753
> SF:/home/detectivelyw/Documents/projects/tracks/linux-stable/drivers/tty/serial/8250/8250_port.c: 1754
> SF:/home/detectivelyw/Documents/projects/tracks/linux-stable/drivers/tty/serial/8250/8250_port.c: 1756
> SF:/home/detectivelyw/Documents/projects/tracks/linux-stable/drivers/tty/serial/8250/8250_port.c: 1757
> SF:/home/detectivelyw/Documents/projects/tracks/linux-stable/drivers/tty/serial/8250/8250_port.c: 1866
> SF:/home/detectivelyw/Documents/projects/tracks/linux-stable/drivers/tty/serial/8250/8250_port.c: 1867
